<?xml version="1.0" encoding="UTF-8"?>
<!-- Generated by org.testng.reporters.JUnitReportReporter -->
<testsuite skipped="0" hostname="ADMINRG-5P4SOQB" name="com.crm.qa.testcases.LoginPageTest" tests="3" failures="0" timestamp="17 Jun 2018 17:41:28 GMT" time="45.738" errors="0">
  <testcase name="loginPageTitleTest" time="9.447" classname="com.crm.qa.testcases.LoginPageTest"/>
  <testcase name="crmLogoImageTest" time="10.424" classname="com.crm.qa.testcases.LoginPageTest"/>
  <testcase name="loginTest" time="25.867" classname="com.crm.qa.testcases.LoginPageTest"/>
</testsuite> <!-- com.crm.qa.testcases.LoginPageTest -->
