<?xml version="1.0" encoding="UTF-8"?>
<!-- Generated by org.testng.reporters.JUnitReportReporter -->
<testsuite skipped="0" hostname="ADMINRG-5P4SOQB" name="com.crm.qa.testcases.LoginPageTest" tests="3" failures="0" timestamp="14 Jun 2018 19:07:15 GMT" time="36.379" errors="0">
  <testcase name="loginPageTitleTest" time="8.084" classname="com.crm.qa.testcases.LoginPageTest"/>
  <testcase name="crmLogoImageTest" time="13.421" classname="com.crm.qa.testcases.LoginPageTest"/>
  <testcase name="loginTest" time="14.874" classname="com.crm.qa.testcases.LoginPageTest"/>
</testsuite> <!-- com.crm.qa.testcases.LoginPageTest -->
