<?xml version="1.0" encoding="UTF-8"?>
<!-- Generated by org.testng.reporters.JUnitReportReporter -->
<testsuite skipped="0" hostname="ADMINRG-5P4SOQB" name="com.crm.qa.testcases.ContactsPageTest" tests="6" failures="0" timestamp="17 Jun 2018 17:41:28 GMT" time="115.920" errors="0">
  <testcase name="verifyContactLabelTest" time="19.654" classname="com.crm.qa.testcases.ContactsPageTest"/>
  <testcase name="selectsSingleContactsByNameTest" time="16.033" classname="com.crm.qa.testcases.ContactsPageTest"/>
  <testcase name="selectsDoubleContactsByNameTest" time="19.717" classname="com.crm.qa.testcases.ContactsPageTest"/>
  <testcase name="vaidateCreateNewContact" time="20.618" classname="com.crm.qa.testcases.ContactsPageTest"/>
  <testcase name="vaidateCreateNewContact" time="19.235" classname="com.crm.qa.testcases.ContactsPageTest"/>
  <testcase name="vaidateCreateNewContact" time="20.663" classname="com.crm.qa.testcases.ContactsPageTest"/>
</testsuite> <!-- com.crm.qa.testcases.ContactsPageTest -->
