<?xml version="1.0" encoding="UTF-8"?>
<!-- Generated by org.testng.reporters.JUnitReportReporter -->
<testsuite skipped="0" hostname="ADMINRG-5P4SOQB" name="com.crm.qa.testcases.LoginPageTest" tests="3" failures="0" timestamp="11 Jun 2018 04:17:18 GMT" time="43.922" errors="0">
  <testcase name="loginPageTitleTest" time="11.445" classname="com.crm.qa.testcases.LoginPageTest"/>
  <testcase name="crmLogoImageTest" time="12.214" classname="com.crm.qa.testcases.LoginPageTest"/>
  <testcase name="loginTest" time="20.263" classname="com.crm.qa.testcases.LoginPageTest"/>
</testsuite> <!-- com.crm.qa.testcases.LoginPageTest -->
