<?xml version="1.0" encoding="UTF-8"?>
<!-- Generated by org.testng.reporters.JUnitReportReporter -->
<testsuite skipped="0" hostname="ADMINRG-5P4SOQB" name="com.crm.qa.testcases.ContactsPageTest" tests="3" failures="0" timestamp="14 Jun 2018 19:07:15 GMT" time="52.527" errors="0">
  <testcase name="verifyContactLabelTest" time="14.962" classname="com.crm.qa.testcases.ContactsPageTest"/>
  <testcase name="selectsSingleContactsByNameTest" time="18.937" classname="com.crm.qa.testcases.ContactsPageTest"/>
  <testcase name="selectsDoubleContactsByNameTest" time="18.628" classname="com.crm.qa.testcases.ContactsPageTest"/>
</testsuite> <!-- com.crm.qa.testcases.ContactsPageTest -->
